[2023-08-05 10:07:31,208] multiqc                                            [DEBUG  ]  This is MultiQC v1.14
[2023-08-05 10:07:31,209] multiqc                                            [DEBUG  ]  Loading config settings from: multiqc_config.yml
[2023-08-05 10:07:31,209] multiqc                                            [DEBUG  ]  New config: {'report_comment': 'This report has been generated by the <a href="https://github.com/nf-core/brimeth" target="_blank">nf-core/brimeth</a> analysis pipeline. For information about how to interpret these results, please see the <a href="https://nf-co.re/brimeth" target="_blank">documentation</a>.\n', 'report_section_order': {'nf-core-brimeth-methods-description': {'order': -1000}, 'software_versions': {'order': -1001}, 'nf-core-brimeth-summary': {'order': -1002}}, 'export_plots': True}
[2023-08-05 10:07:31,210] multiqc                                            [DEBUG  ]  Loading config settings from: multiqc_config.yml
[2023-08-05 10:07:31,210] multiqc                                            [DEBUG  ]  New config: {'report_comment': 'This report has been generated by the <a href="https://github.com/nf-core/brimeth" target="_blank">nf-core/brimeth</a> analysis pipeline. For information about how to interpret these results, please see the <a href="https://nf-co.re/brimeth" target="_blank">documentation</a>.\n', 'report_section_order': {'nf-core-brimeth-methods-description': {'order': -1000}, 'software_versions': {'order': -1001}, 'nf-core-brimeth-summary': {'order': -1002}}, 'export_plots': True}
[2023-08-05 10:07:31,210] multiqc                                            [DEBUG  ]  Command used: /usr/local/bin/multiqc --force --config multiqc_config.yml .
[2023-08-05 10:07:31,821] multiqc                                            [DEBUG  ]  Latest MultiQC version is v1.14
[2023-08-05 10:07:31,821] multiqc                                            [DEBUG  ]  Working dir : /workspace/brimeth/work/ab/719c699a88fa67678093fbb3d8607d
[2023-08-05 10:07:31,821] multiqc                                            [DEBUG  ]  Template    : default
[2023-08-05 10:07:31,821] multiqc                                            [DEBUG  ]  Running Python 3.11.0 | packaged by conda-forge | (main, Oct 25 2022, 06:24:40) [GCC 10.4.0]
[2023-08-05 10:07:31,822] multiqc                                            [DEBUG  ]  Analysing modules: custom_content, ccs, ngsderive, purple, conpair, lima, peddy, somalier, methylQA, mosdepth, phantompeakqualtools, qualimap, preseq, hifiasm, quast, qorts, rna_seqc, rockhopper, rsem, rseqc, busco, bustools, goleft_indexcov, gffcompare, disambiguate, supernova, deeptools, sargasso, verifybamid, mirtrace, happy, mirtop, sambamba, gopeaks, homer, hops, macs2, theta2, snpeff, gatk, htseq, bcftools, featureCounts, fgbio, dragen, dragen_fastqc, dedup, pbmarkdup, damageprofiler, biobambam2, jcvi, mtnucratio, picard, vep, sentieon, prokka, qc3C, nanostat, samblaster, samtools, sexdeterrmine, eigenstratdatabasetools, bamtools, jellyfish, vcftools, longranger, stacks, varscan2, snippy, umitools, bbmap, bismark, biscuit, diamond, hicexplorer, hicup, hicpro, salmon, kallisto, slamdunk, star, hisat2, tophat, bowtie2, bowtie1, cellranger, snpsplit, odgi, pangolin, nextclade, humid, kat, leehom, adapterRemoval, bbduk, clipandmerge, cutadapt, flexbar, kaiju, kraken, malt, motus, trimmomatic, sickle, skewer, sortmerna, biobloomtools, fastq_screen, afterqc, fastp, fastqc, filtlong, prinseqplusplus, pychopper, porechop, pycoqc, minionqc, anglerfish, multivcfanalyzer, clusterflow, checkqc, bcl2fastq, bclconvert, interop, ivar, flash, seqyclean, optitype, whatshap
[2023-08-05 10:07:31,822] multiqc                                            [DEBUG  ]  Using temporary directory for creating report: /tmp/tmpnvjzce36
[2023-08-05 10:07:31,959] multiqc                                            [INFO   ]  Search path : /workspace/brimeth/work/ab/719c699a88fa67678093fbb3d8607d
[2023-08-05 10:07:32,010] multiqc                                            [DEBUG  ]  Summary of files that were skipped by the search: [skipped_no_match: 8] // [skipped_module_specific_max_filesize: 5]
[2023-08-05 10:07:32,357] multiqc.plots.bargraph                             [DEBUG  ]  Using matplotlib version 3.6.2
[2023-08-05 10:07:32,357] multiqc.plots.linegraph                            [DEBUG  ]  Using matplotlib version 3.6.2
[2023-08-05 10:07:32,363] multiqc.modules.custom_content.custom_content      [INFO   ]  nf-core-brimeth-methods-description: Found 1 sample (html)
[2023-08-05 10:07:32,363] multiqc.modules.custom_content.custom_content      [INFO   ]  nf-core-brimeth-summary: Found 1 sample (html)
[2023-08-05 10:07:32,363] multiqc.modules.custom_content.custom_content      [INFO   ]  software_versions: Found 1 sample (html)
[2023-08-05 10:07:32,404] multiqc.modules.fastqc.fastqc                      [INFO   ]  Found 1 reports
[2023-08-05 10:07:36,555] multiqc                                            [DEBUG  ]  Reordering sections: anchor 'nf-core-brimeth-methods-description' not found for module 'FastQC'.
[2023-08-05 10:07:36,556] multiqc                                            [DEBUG  ]  Reordering sections: anchor 'software_versions' not found for module 'FastQC'.
[2023-08-05 10:07:36,556] multiqc                                            [DEBUG  ]  Reordering sections: anchor 'nf-core-brimeth-summary' not found for module 'FastQC'.
[2023-08-05 10:07:36,556] multiqc                                            [DEBUG  ]  Reordering sections: anchor 'nf-core-brimeth-methods-description' not found for module 'nf-core/brimeth Methods Description'.
[2023-08-05 10:07:36,556] multiqc                                            [DEBUG  ]  Reordering sections: anchor 'software_versions' not found for module 'nf-core/brimeth Methods Description'.
[2023-08-05 10:07:36,556] multiqc                                            [DEBUG  ]  Reordering sections: anchor 'nf-core-brimeth-summary' not found for module 'nf-core/brimeth Methods Description'.
[2023-08-05 10:07:36,556] multiqc                                            [DEBUG  ]  Reordering sections: anchor 'nf-core-brimeth-methods-description' not found for module 'nf-core/brimeth Software Versions'.
[2023-08-05 10:07:36,556] multiqc                                            [DEBUG  ]  Reordering sections: anchor 'software_versions' not found for module 'nf-core/brimeth Software Versions'.
[2023-08-05 10:07:36,556] multiqc                                            [DEBUG  ]  Reordering sections: anchor 'nf-core-brimeth-summary' not found for module 'nf-core/brimeth Software Versions'.
[2023-08-05 10:07:36,556] multiqc                                            [DEBUG  ]  Reordering sections: anchor 'nf-core-brimeth-methods-description' not found for module 'nf-core/brimeth Workflow Summary'.
[2023-08-05 10:07:36,556] multiqc                                            [DEBUG  ]  Reordering sections: anchor 'software_versions' not found for module 'nf-core/brimeth Workflow Summary'.
[2023-08-05 10:07:36,556] multiqc                                            [DEBUG  ]  Reordering sections: anchor 'nf-core-brimeth-summary' not found for module 'nf-core/brimeth Workflow Summary'.
[2023-08-05 10:07:36,558] multiqc                                            [INFO   ]  Compressing plot data
[2023-08-05 10:07:36,568] multiqc                                            [INFO   ]  Report      : multiqc_report.html
[2023-08-05 10:07:36,568] multiqc                                            [INFO   ]  Data        : multiqc_data
[2023-08-05 10:07:36,568] multiqc                                            [DEBUG  ]  Moving data file from '/tmp/tmpnvjzce36/multiqc_data' to '/workspace/brimeth/work/ab/719c699a88fa67678093fbb3d8607d/multiqc_data'
[2023-08-05 10:07:36,569] multiqc                                            [INFO   ]  Plots       : multiqc_plots
[2023-08-05 10:07:36,569] multiqc                                            [DEBUG  ]  Moving plots directory from '/tmp/tmpnvjzce36/multiqc_plots' to '/workspace/brimeth/work/ab/719c699a88fa67678093fbb3d8607d/multiqc_plots'
[2023-08-05 10:07:36,632] multiqc                                            [INFO   ]  MultiQC complete
